<?xml version="1.0" encoding="UTF-8"?>
<coverage generated="1551830244520" clover="3.2.0">
  <project timestamp="1551830244520" name="All files">
    <metrics statements="30" coveredstatements="30" conditionals="5" coveredconditionals="5" methods="6" coveredmethods="6" elements="41" coveredelements="41" complexity="0" loc="30" ncloc="30" packages="1" files="1" classes="1"/>
    <file name="markov.js" path="/Users/Ivy/Documents/Rithm/Rithm_Exercise/node-markov/markov.js">
      <metrics statements="30" coveredstatements="30" conditionals="5" coveredconditionals="5" methods="6" coveredmethods="6"/>
      <line num="9" count="4" type="stmt"/>
      <line num="10" count="34" type="stmt"/>
      <line num="11" count="4" type="stmt"/>
      <line num="22" count="9" type="stmt"/>
      <line num="23" count="9" type="stmt"/>
      <line num="25" count="9" type="stmt"/>
      <line num="26" count="72" type="stmt"/>
      <line num="28" count="72" type="stmt"/>
      <line num="29" count="72" type="stmt"/>
      <line num="31" count="72" type="stmt"/>
      <line num="32" count="75" type="cond" truecount="2" falsecount="0"/>
      <line num="33" count="75" type="stmt"/>
      <line num="34" count="75" type="stmt"/>
      <line num="37" count="9" type="stmt"/>
      <line num="44" count="2" type="stmt"/>
      <line num="45" count="2" type="stmt"/>
      <line num="46" count="2" type="stmt"/>
      <line num="47" count="2" type="stmt"/>
      <line num="48" count="2" type="stmt"/>
      <line num="49" count="2" type="stmt"/>
      <line num="50" count="2" type="stmt"/>
      <line num="51" count="8" type="stmt"/>
      <line num="52" count="8" type="stmt"/>
      <line num="53" count="8" type="cond" truecount="2" falsecount="0"/>
      <line num="54" count="1" type="stmt"/>
      <line num="57" count="7" type="stmt"/>
      <line num="58" count="7" type="stmt"/>
      <line num="61" count="1" type="stmt"/>
      <line num="68" count="10" type="stmt"/>
      <line num="71" count="1" type="stmt"/>
    </file>
  </project>
</coverage>
