{"/Users/Ivy/Documents/Rithm/Rithm_Exercise/node-markov/markov.js": {"path":"/Users/Ivy/Documents/Rithm/Rithm_Exercise/node-markov/markov.js","statementMap":{"0":{"start":{"line":9,"column":16},"end":{"line":9,"column":38}},"1":{"start":{"line":10,"column":4},"end":{"line":10,"column":71}},"2":{"start":{"line":10,"column":35},"end":{"line":10,"column":43}},"3":{"start":{"line":10,"column":54},"end":{"line":10,"column":69}},"4":{"start":{"line":11,"column":4},"end":{"line":11,"column":22}},"5":{"start":{"line":22,"column":23},"end":{"line":22,"column":42}},"6":{"start":{"line":23,"column":25},"end":{"line":23,"column":27}},"7":{"start":{"line":25,"column":4},"end":{"line":36,"column":5}},"8":{"start":{"line":26,"column":6},"end":{"line":26,"column":30}},"9":{"start":{"line":28,"column":18},"end":{"line":28,"column":19}},"10":{"start":{"line":29,"column":31},"end":{"line":29,"column":62}},"11":{"start":{"line":31,"column":6},"end":{"line":35,"column":7}},"12":{"start":{"line":32,"column":8},"end":{"line":32,"column":76}},"13":{"start":{"line":33,"column":8},"end":{"line":33,"column":39}},"14":{"start":{"line":34,"column":8},"end":{"line":34,"column":61}},"15":{"start":{"line":37,"column":4},"end":{"line":37,"column":24}},"16":{"start":{"line":44,"column":21},"end":{"line":44,"column":23}},"17":{"start":{"line":45,"column":27},"end":{"line":45,"column":44}},"18":{"start":{"line":46,"column":17},"end":{"line":46,"column":42}},"19":{"start":{"line":47,"column":28},"end":{"line":47,"column":44}},"20":{"start":{"line":48,"column":17},"end":{"line":48,"column":32}},"21":{"start":{"line":49,"column":6},"end":{"line":49,"column":34}},"22":{"start":{"line":50,"column":6},"end":{"line":60,"column":7}},"23":{"start":{"line":50,"column":19},"end":{"line":50,"column":20}},"24":{"start":{"line":51,"column":30},"end":{"line":51,"column":48}},"25":{"start":{"line":52,"column":23},"end":{"line":52,"column":50}},"26":{"start":{"line":53,"column":8},"end":{"line":59,"column":9}},"27":{"start":{"line":54,"column":10},"end":{"line":54,"column":26}},"28":{"start":{"line":57,"column":10},"end":{"line":57,"column":26}},"29":{"start":{"line":58,"column":10},"end":{"line":58,"column":33}},"30":{"start":{"line":61,"column":6},"end":{"line":61,"column":22}},"31":{"start":{"line":68,"column":2},"end":{"line":68,"column":56}},"32":{"start":{"line":71,"column":0},"end":{"line":71,"column":35}}},"fnMap":{"0":{"name":"(anonymous_0)","decl":{"start":{"line":8,"column":2},"end":{"line":8,"column":3}},"loc":{"start":{"line":8,"column":20},"end":{"line":12,"column":3}},"line":8},"1":{"name":"(anonymous_1)","decl":{"start":{"line":10,"column":30},"end":{"line":10,"column":31}},"loc":{"start":{"line":10,"column":35},"end":{"line":10,"column":43}},"line":10},"2":{"name":"(anonymous_2)","decl":{"start":{"line":10,"column":49},"end":{"line":10,"column":50}},"loc":{"start":{"line":10,"column":54},"end":{"line":10,"column":69}},"line":10},"3":{"name":"(anonymous_3)","decl":{"start":{"line":19,"column":2},"end":{"line":19,"column":3}},"loc":{"start":{"line":19,"column":15},"end":{"line":38,"column":3}},"line":19},"4":{"name":"(anonymous_4)","decl":{"start":{"line":42,"column":2},"end":{"line":42,"column":3}},"loc":{"start":{"line":42,"column":27},"end":{"line":62,"column":3}},"line":42},"5":{"name":"makeRandom","decl":{"start":{"line":66,"column":9},"end":{"line":66,"column":19}},"loc":{"start":{"line":66,"column":26},"end":{"line":69,"column":1}},"line":66}},"branchMap":{"0":{"loc":{"start":{"line":32,"column":32},"end":{"line":32,"column":74}},"type":"binary-expr","locations":[{"start":{"line":32,"column":32},"end":{"line":32,"column":66}},{"start":{"line":32,"column":70},"end":{"line":32,"column":74}}],"line":32},"1":{"loc":{"start":{"line":42,"column":11},"end":{"line":42,"column":25}},"type":"default-arg","locations":[{"start":{"line":42,"column":22},"end":{"line":42,"column":25}}],"line":42},"2":{"loc":{"start":{"line":53,"column":8},"end":{"line":59,"column":9}},"type":"if","locations":[{"start":{"line":53,"column":8},"end":{"line":59,"column":9}},{"start":{"line":53,"column":8},"end":{"line":59,"column":9}}],"line":53}},"s":{"0":4,"1":4,"2":34,"3":34,"4":4,"5":9,"6":9,"7":9,"8":72,"9":72,"10":72,"11":72,"12":75,"13":75,"14":75,"15":9,"16":2,"17":2,"18":2,"19":2,"20":2,"21":2,"22":2,"23":2,"24":8,"25":8,"26":8,"27":1,"28":7,"29":7,"30":1,"31":10,"32":1},"f":{"0":4,"1":34,"2":34,"3":9,"4":2,"5":10},"b":{"0":[75,9],"1":[1],"2":[1,7]},"_coverageSchema":"43e27e138ebf9cfc5966b082cf9a028302ed4184","hash":"d93447cbee32baac1c8b559f4ae728fe07ea54d1"}
}
