TN:
SF:/Users/Ivy/Documents/Rithm/Rithm_Exercise/node-markov/markov.js
FN:8,(anonymous_0)
FN:10,(anonymous_1)
FN:10,(anonymous_2)
FN:19,(anonymous_3)
FN:42,(anonymous_4)
FN:66,makeRandom
FNF:6
FNH:6
FNDA:4,(anonymous_0)
FNDA:34,(anonymous_1)
FNDA:34,(anonymous_2)
FNDA:9,(anonymous_3)
FNDA:2,(anonymous_4)
FNDA:10,makeRandom
DA:9,4
DA:10,34
DA:11,4
DA:22,9
DA:23,9
DA:25,9
DA:26,72
DA:28,72
DA:29,72
DA:31,72
DA:32,75
DA:33,75
DA:34,75
DA:37,9
DA:44,2
DA:45,2
DA:46,2
DA:47,2
DA:48,2
DA:49,2
DA:50,2
DA:51,8
DA:52,8
DA:53,8
DA:54,1
DA:57,7
DA:58,7
DA:61,1
DA:68,10
DA:71,1
LF:30
LH:30
BRDA:32,0,0,75
BRDA:32,0,1,9
BRDA:42,1,0,1
BRDA:53,2,0,1
BRDA:53,2,1,7
BRF:5
BRH:5
end_of_record
